<?xml version="1.0" encoding="UTF-8" ?>
<testsuite tests="4" failures="0" name="mockdemo.MathApplicationTest" time="0.154" errors="0" skipped="0">
  <properties>
[...]
</properties>
  <testcase classname="mockdemo.MathApplicationTest" name="testAdd" time="0.146"/>
  <testcase classname="mockdemo.MathApplicationTest" name="testSubtract" time="0"/>
  <testcase classname="mockdemo.MathApplicationTest" name="testDivide" time="0.008"/>
  <testcase classname="mockdemo.MathApplicationTest" name="testMultiply" time="0"/>
</testsuite>